[    0.000000] Initializing cgroup subsys cpuset
[    0.000000] Initializing cgroup subsys cpu
[    0.000000] Initializing cgroup subsys cpuacct
[    0.000000] Linux version 4.4.0-108-generic (buildd@lgw01-amd64-003) (gcc version 5.4.0 20160609 (Ubuntu 5.4.0-6ubuntu1~16.04.5) ) #131-Ubuntu SMP Sun Jan 7 14:34:49 UTC 2018 (Ubuntu 4.4.0-108.131-generic 4.4.98)
[    0.000000] Command line: BOOT_IMAGE=/boot/vmlinuz-4.4.0-108-generic root=LABEL=cloudimg-rootfs ro console=tty1 console=ttyS0
[    0.000000] KERNEL supported cpus:
[    0.000000]   Intel GenuineIntel
[    0.000000]   AMD AuthenticAMD
[    0.000000]   Centaur CentaurHauls
[    0.000000] x86/fpu: xstate_offset[2]:  576, xstate_sizes[2]:  256
[    0.000000] x86/fpu: Supporting XSAVE feature 0x01: 'x87 floating point registers'
[    0.000000] x86/fpu: Supporting XSAVE feature 0x02: 'SSE registers'
[    0.000000] x86/fpu: Supporting XSAVE feature 0x04: 'AVX registers'
[    0.000000] x86/fpu: Enabled xstate features 0x7, context size is 832 bytes, using 'standard' format.
[    0.000000] x86/fpu: Using 'lazy' FPU context switches.
[    0.000000] e820: BIOS-provided physical RAM map:
[    0.000000] BIOS-e820: [mem 0x0000000000000000-0x000000000009fbff] usable
[    0.000000] BIOS-e820: [mem 0x000000000009fc00-0x000000000009ffff] reserved
[    0.000000] BIOS-e820: [mem 0x00000000000f0000-0x00000000000fffff] reserved
[    0.000000] BIOS-e820: [mem 0x0000000000100000-0x000000007ffeffff] usable
[    0.000000] BIOS-e820: [mem 0x000000007fff0000-0x000000007fffffff] ACPI data
[    0.000000] BIOS-e820: [mem 0x00000000fec00000-0x00000000fec00fff] reserved
[    0.000000] BIOS-e820: [mem 0x00000000fee00000-0x00000000fee00fff] reserved
[    0.000000] BIOS-e820: [mem 0x00000000fffc0000-0x00000000ffffffff] reserved
[    0.000000] NX (Execute Disable) protection: active
[    0.000000] SMBIOS 2.5 present.
[    0.000000] Hypervisor detected: KVM
[    0.000000] e820: last_pfn = 0x7fff0 max_arch_pfn = 0x400000000
[    0.000000] MTRR: Disabled
[    0.000000] x86/PAT: MTRRs disabled, skipping PAT initialization too.
[    0.000000] CPU MTRRs all blank - virtualized system.
[    0.000000] x86/PAT: Configuration [0-7]: WB  WT  UC- UC  WB  WT  UC- UC  
[    0.000000] found SMP MP-table at [mem 0x0009fff0-0x0009ffff] mapped at [ffff88000009fff0]
[    0.000000] Scanning 1 areas for low memory corruption
[    0.000000] RAMDISK: [mem 0x36adc000-0x37565fff]
[    0.000000] ACPI: Early table checksum verification disabled
[    0.000000] ACPI: RSDP 0x00000000000E0000 000024 (v02 VBOX  )
[    0.000000] ACPI: XSDT 0x000000007FFF0030 00003C (v01 VBOX   VBOXXSDT 00000001 ASL  00000061)
[    0.000000] ACPI: FACP 0x000000007FFF00F0 0000F4 (v04 VBOX   VBOXFACP 00000001 ASL  00000061)
[    0.000000] ACPI: DSDT 0x000000007FFF0470 0021FF (v02 VBOX   VBOXBIOS 00000002 INTL 20100528)
[    0.000000] ACPI: FACS 0x000000007FFF0200 000040
[    0.000000] ACPI: FACS 0x000000007FFF0200 000040
[    0.000000] ACPI: APIC 0x000000007FFF0240 00005C (v02 VBOX   VBOXAPIC 00000001 ASL  00000061)
[    0.000000] ACPI: SSDT 0x000000007FFF02A0 0001CC (v01 VBOX   VBOXCPUT 00000002 INTL 20100528)
[    0.000000] No NUMA configuration found
[    0.000000] Faking a node at [mem 0x0000000000000000-0x000000007ffeffff]
[    0.000000] NODE_DATA(0) allocated [mem 0x7ffeb000-0x7ffeffff]
[    0.000000] kvm-clock: Using msrs 4b564d01 and 4b564d00
[    0.000000] kvm-clock: cpu 0, msr 0:7ffe3001, primary cpu clock
[    0.000000] kvm-clock: using sched offset of 3027621935 cycles
[    0.000000] clocksource: kvm-clock: mask: 0xffffffffffffffff max_cycles: 0x1cd42e4dffb, max_idle_ns: 881590591483 ns
[    0.000000] Zone ranges:
[    0.000000]   DMA      [mem 0x0000000000001000-0x0000000000ffffff]
[    0.000000]   DMA32    [mem 0x0000000001000000-0x000000007ffeffff]
[    0.000000]   Normal   empty
[    0.000000]   Device   empty
[    0.000000] Movable zone start for each node
[    0.000000] Early memory node ranges
[    0.000000]   node   0: [mem 0x0000000000001000-0x000000000009efff]
[    0.000000]   node   0: [mem 0x0000000000100000-0x000000007ffeffff]
[    0.000000] Initmem setup node 0 [mem 0x0000000000001000-0x000000007ffeffff]
[    0.000000] ACPI: PM-Timer IO Port: 0x4008
[    0.000000] IOAPIC[0]: apic_id 2, version 32, address 0xfec00000, GSI 0-23
[    0.000000] ACPI: INT_SRC_OVR (bus 0 bus_irq 0 global_irq 2 dfl dfl)
[    0.000000] ACPI: INT_SRC_OVR (bus 0 bus_irq 9 global_irq 9 high level)
[    0.000000] Using ACPI (MADT) for SMP configuration information
[    0.000000] smpboot: Allowing 2 CPUs, 0 hotplug CPUs
[    0.000000] PM: Registered nosave memory: [mem 0x00000000-0x00000fff]
[    0.000000] PM: Registered nosave memory: [mem 0x0009f000-0x0009ffff]
[    0.000000] PM: Registered nosave memory: [mem 0x000a0000-0x000effff]
[    0.000000] PM: Registered nosave memory: [mem 0x000f0000-0x000fffff]
[    0.000000] e820: [mem 0x80000000-0xfebfffff] available for PCI devices
[    0.000000] Booting paravirtualized kernel on KVM
[    0.000000] clocksource: refined-jiffies: mask: 0xffffffff max_cycles: 0xffffffff, max_idle_ns: 7645519600211568 ns
[    0.000000] setup_percpu: NR_CPUS:512 nr_cpumask_bits:512 nr_cpu_ids:2 nr_node_ids:1
[    0.000000] PERCPU: Embedded 34 pages/cpu @ffff88007fc00000 s99544 r8192 d31528 u1048576
[    0.000000] PV qspinlock hash table entries: 256 (order: 0, 4096 bytes)
[    0.000000] Built 1 zonelists in Node order, mobility grouping on.  Total pages: 515961
[    0.000000] Policy zone: DMA32
[    0.000000] Kernel command line: BOOT_IMAGE=/boot/vmlinuz-4.4.0-108-generic root=LABEL=cloudimg-rootfs ro console=tty1 console=ttyS0
[    0.000000] PID hash table entries: 4096 (order: 3, 32768 bytes)
[    0.000000] Memory: 2033932K/2096696K available (8485K kernel code, 1308K rwdata, 3988K rodata, 1508K init, 1316K bss, 62764K reserved, 0K cma-reserved)
[    0.000000] SLUB: HWalign=64, Order=0-3, MinObjects=0, CPUs=2, Nodes=1
[    0.000000] Kernel/User page tables isolation: enabled
[    0.000000] Hierarchical RCU implementation.
[    0.000000] 	Build-time adjustment of leaf fanout to 64.
[    0.000000] 	RCU restricting CPUs from NR_CPUS=512 to nr_cpu_ids=2.
[    0.000000] RCU: Adjusting geometry for rcu_fanout_leaf=64, nr_cpu_ids=2
[    0.000000] NR_IRQS:33024 nr_irqs:440 16
[    0.000000] Console: colour VGA+ 80x25
[    0.000000] console [tty1] enabled
[    0.000000] console [ttyS0] enabled
[    0.000000] tsc: Detected 2303.998 MHz processor
[    6.210685] Calibrating delay loop (skipped) preset value.. 4607.99 BogoMIPS (lpj=9215992)
[    6.212699] pid_max: default: 32768 minimum: 301
[    6.218847] ACPI: Core revision 20150930
[    6.230984] ACPI: 2 ACPI AML tables successfully acquired and loaded
[    6.246583] Security Framework initialized
[    6.255066] Yama: becoming mindful.
[    6.267137] AppArmor: AppArmor initialized
[    6.284700] Dentry cache hash table entries: 262144 (order: 9, 2097152 bytes)
[    6.292064] Inode-cache hash table entries: 131072 (order: 8, 1048576 bytes)
[    6.295334] Mount-cache hash table entries: 4096 (order: 3, 32768 bytes)
[    6.296805] Mountpoint-cache hash table entries: 4096 (order: 3, 32768 bytes)
[    6.302974] Initializing cgroup subsys io
[    6.311909] Initializing cgroup subsys memory
[    6.312969] Initializing cgroup subsys devices
[    6.314702] Initializing cgroup subsys freezer
[    6.315817] Initializing cgroup subsys net_cls
[    6.316787] Initializing cgroup subsys perf_event
[    6.318217] Initializing cgroup subsys net_prio
[    6.319340] Initializing cgroup subsys hugetlb
[    6.340340] Initializing cgroup subsys pids
[    6.354188] CPU: Physical Processor ID: 0
[    6.355094] CPU: Processor Core ID: 0
[    6.367687] mce: CPU supports 0 MCE banks
[    6.373836] Last level iTLB entries: 4KB 64, 2MB 8, 4MB 8
[    6.384685] Last level dTLB entries: 4KB 64, 2MB 0, 4MB 0, 1GB 4
[    6.388844] Freeing SMP alternatives memory: 32K
[    6.396830] ftrace: allocating 32171 entries in 126 pages
[    6.436658] smpboot: APIC(0) Converting physical 0 to logical package 0
[    6.438798] smpboot: Max logical packages: 1
[    6.451347] x2apic enabled
[    6.463216] Switched APIC routing to physical x2apic.
[    6.473408] ..TIMER: vector=0x30 apic1=0 pin1=2 apic2=-1 pin2=-1
[    6.610211] smpboot: CPU0: Intel(R) Core(TM) i5-7360U CPU @ 2.30GHz (family: 0x6, model: 0x8e, stepping: 0x9)
[    6.627465] Performance Events: unsupported p6 CPU model 142 no PMU driver, software events only.
[    6.635105] KVM setup paravirtual spinlock
[    6.639072] x86: Booting SMP configuration:
[    6.660187] .... node  #0, CPUs:      #1
[    6.666137] kvm-clock: cpu 1, msr 0:7ffe3041, secondary cpu clock
[    6.681687] mce: CPU supports 0 MCE banks
[    6.688684] x86: Booted up 1 node, 2 CPUs
[    6.695345] smpboot: Total of 2 processors activated (9215.99 BogoMIPS)
[    6.698632] devtmpfs: initialized
[    6.718079] evm: security.selinux
[    6.727129] evm: security.SMACK64
[    6.729440] evm: security.SMACK64EXEC
[    6.736560] evm: security.SMACK64TRANSMUTE
[    6.738955] evm: security.SMACK64MMAP
[    6.745602] evm: security.ima
[    6.755540] evm: security.capability
[    6.757839] clocksource: jiffies: mask: 0xffffffff max_cycles: 0xffffffff, max_idle_ns: 7645041785100000 ns
[    6.780342] futex hash table entries: 512 (order: 3, 32768 bytes)
[    6.785652] pinctrl core: initialized pinctrl subsystem
[    6.787071] RTC time:  6:18:29, date: 04/13/18
[    6.788224] NET: Registered protocol family 16
[    6.804807] cpuidle: using governor ladder
[    6.816735] cpuidle: using governor menu
[    6.820806] PCCT header not found.
[    6.830944] ACPI: bus type PCI registered
[    6.858980] acpiphp: ACPI Hot Plug PCI Controller Driver version: 0.5
[    6.865558] PCI: Using configuration type 1 for base access
[    6.878300] ACPI: Added _OSI(Module Device)
[    6.890268] ACPI: Added _OSI(Processor Device)
[    6.891416] ACPI: Added _OSI(3.0 _SCP Extensions)
[    6.892505] ACPI: Added _OSI(Processor Aggregator Device)
[    6.897634] ACPI: Executed 1 blocks of module-level executable AML code
[    6.900732] ACPI: Interpreter enabled
[    6.917258] ACPI: (supports S0 S5)
[    6.925992] ACPI: Using IOAPIC for interrupt routing
[    6.927119] PCI: Using host bridge windows from ACPI; if necessary, use "pci=nocrs" and report a bug
[    6.936647] ACPI: PCI Root Bridge [PCI0] (domain 0000 [bus 00-ff])
[    6.939005] acpi PNP0A03:00: _OSC: OS supports [ASPM ClockPM Segments MSI]
[    6.953270] acpi PNP0A03:00: _OSC: not requesting OS control; OS requires [ExtendedConfig ASPM ClockPM MSI]
[    6.955705] acpi PNP0A03:00: fail to add MMCONFIG information, can't access extended PCI configuration space under this bridge.
[    6.965115] PCI host bridge to bus 0000:00
[    6.967144] pci_bus 0000:00: root bus resource [io  0x0000-0x0cf7 window]
[    6.988711] pci_bus 0000:00: root bus resource [io  0x0d00-0xffff window]
[    7.000132] pci_bus 0000:00: root bus resource [mem 0x000a0000-0x000bffff window]
[    7.019305] pci_bus 0000:00: root bus resource [mem 0x80000000-0xffdfffff window]
[    7.031445] pci_bus 0000:00: root bus resource [bus 00-ff]
[    7.038140] pci 0000:00:01.1: legacy IDE quirk: reg 0x10: [io  0x01f0-0x01f7]
[    7.041647] pci 0000:00:01.1: legacy IDE quirk: reg 0x14: [io  0x03f6]
[    7.052075] pci 0000:00:01.1: legacy IDE quirk: reg 0x18: [io  0x0170-0x0177]
[    7.071274] pci 0000:00:01.1: legacy IDE quirk: reg 0x1c: [io  0x0376]
[    7.097393] pci 0000:00:07.0: quirk: [io  0x4000-0x403f] claimed by PIIX4 ACPI
[    7.117163] pci 0000:00:07.0: quirk: [io  0x4100-0x410f] claimed by PIIX4 SMB
[    7.133570] ACPI: PCI Interrupt Link [LNKA] (IRQs 5 9 10 *11)
[    7.148476] ACPI: PCI Interrupt Link [LNKB] (IRQs 5 9 10 *11)
[    7.153872] ACPI: PCI Interrupt Link [LNKC] (IRQs 5 9 *10 11)
[    7.156801] ACPI: PCI Interrupt Link [LNKD] (IRQs 5 *9 10 11)
[    7.159411] ACPI: Enabled 2 GPEs in block 00 to 07
[    7.173720] vgaarb: setting as boot device: PCI:0000:00:02.0
[    7.176123] vgaarb: device added: PCI:0000:00:02.0,decodes=io+mem,owns=io+mem,locks=none
[    7.189704] vgaarb: loaded
[    7.202228] vgaarb: bridge control possible 0000:00:02.0
[    7.210825] SCSI subsystem initialized
[    7.218998] ACPI: bus type USB registered
[    7.226534] usbcore: registered new interface driver usbfs
[    7.229137] usbcore: registered new interface driver hub
[    7.236798] usbcore: registered new device driver usb
[    7.243233] PCI: Using ACPI for IRQ routing
[    7.246486] NetLabel: Initializing
[    7.249172] NetLabel:  domain hash size = 128
[    7.255769] NetLabel:  protocols = UNLABELED CIPSOv4
[    7.266959] NetLabel:  unlabeled traffic allowed by default
[    7.270118] amd_nb: Cannot enumerate AMD northbridges
[    7.276656] clocksource: Switched to clocksource kvm-clock
[    7.309926] AppArmor: AppArmor Filesystem Enabled
[    7.342061] pnp: PnP ACPI init
[    7.374447] pnp: PnP ACPI: found 3 devices
[    7.388133] clocksource: acpi_pm: mask: 0xffffff max_cycles: 0xffffff, max_idle_ns: 2085701024 ns
[    7.420934] NET: Registered protocol family 2
[    7.442493] TCP established hash table entries: 16384 (order: 5, 131072 bytes)
[    7.444302] TCP bind hash table entries: 16384 (order: 6, 262144 bytes)
[    7.462335] TCP: Hash tables configured (established 16384 bind 16384)
[    7.467768] UDP hash table entries: 1024 (order: 3, 32768 bytes)
[    7.468939] UDP-Lite hash table entries: 1024 (order: 3, 32768 bytes)
[    7.479026] NET: Registered protocol family 1
[    7.479938] pci 0000:00:00.0: Limiting direct PCI/PCI transfers
[    7.481434] pci 0000:00:01.0: Activating ISA DMA hang workarounds
[    7.482786] Unpacking initramfs...
[    9.182794] Freeing initrd memory: 10792K
[    9.219013] platform rtc_cmos: registered platform RTC device (no PNP device found)
[    9.220619] Scanning for low memory corruption every 60 seconds
[    9.310024] audit: initializing netlink subsys (disabled)
[    9.390782] audit: type=2000 audit(1523600310.323:1): initialized
[    9.451043] Initialise system trusted keyring
[    9.452228] HugeTLB registered 2 MB page size, pre-allocated 0 pages
[    9.490496] zbud: loaded
[    9.534896] VFS: Disk quotas dquot_6.6.0
[    9.582598] VFS: Dquot-cache hash table entries: 512 (order 0, 4096 bytes)
[    9.615504] squashfs: version 4.0 (2009/01/31) Phillip Lougher
[    9.617015] fuse init (API version 7.23)
[    9.683871] Key type big_key registered
[    9.760675] Allocating IMA MOK and blacklist keyrings.
[    9.866243] Key type asymmetric registered
[    9.926662] Asymmetric key parser 'x509' registered
[    9.952039] Block layer SCSI generic (bsg) driver version 0.4 loaded (major 249)
[    9.994471] io scheduler noop registered
[   10.032099] io scheduler deadline registered (default)
[   10.144952] io scheduler cfq registered
[   10.206970] pci_hotplug: PCI Hot Plug PCI Core version: 0.5
[   10.338510] tsc: Refined TSC clocksource calibration: 2302.610 MHz
[   10.495171] clocksource: tsc: mask: 0xffffffffffffffff max_cycles: 0x2130d682438, max_idle_ns: 440795219273 ns
[   10.495229] pciehp: PCI Express Hot Plug Controller Driver version: 0.4
[   10.495538] ACPI: AC Adapter [AC] (on-line)
[   10.495580] input: Power Button as /devices/LNXSYSTM:00/LNXPWRBN:00/input/input0
[   10.495582] ACPI: Power Button [PWRF]
[   10.495640] input: Sleep Button as /devices/LNXSYSTM:00/LNXSLPBN:00/input/input1
[   10.495641] ACPI: Sleep Button [SLPF]
[   10.496767] ACPI: Battery Slot [BAT0] (battery present)
[   10.496797] GHES: HEST is not enabled!
[   10.496886] Serial: 8250/16550 driver, 32 ports, IRQ sharing enabled
[   10.649515] 00:02: ttyS0 at I/O 0x3f8 (irq = 4, base_baud = 115200) is a 16550A
[   10.789492] Linux agpgart interface v0.103
[   10.827366] loop: module loaded
[   10.827773] scsi host0: ata_piix
[   10.827812] scsi host1: ata_piix
[   10.827834] ata1: PATA max UDMA/33 cmd 0x1f0 ctl 0x3f6 bmdma 0xd000 irq 14
[   10.827834] ata2: PATA max UDMA/33 cmd 0x170 ctl 0x376 bmdma 0xd008 irq 15
[   10.827890] libphy: Fixed MDIO Bus: probed
[   10.827893] tun: Universal TUN/TAP device driver, 1.6
[   10.827893] tun: (C) 1999-2004 Max Krasnyansky <maxk@qualcomm.com>
[   10.828152] PPP generic driver version 2.4.2
[   10.828192] ehci_hcd: USB 2.0 'Enhanced' Host Controller (EHCI) Driver
[   10.828194] ehci-pci: EHCI PCI platform driver
[   10.828205] ehci-platform: EHCI generic platform driver
[   10.828210] ohci_hcd: USB 1.1 'Open' Host Controller (OHCI) Driver
[   10.828212] ohci-pci: OHCI PCI platform driver
[   10.828218] ohci-platform: OHCI generic platform driver
[   10.828222] uhci_hcd: USB Universal Host Controller Interface driver
[   10.828260] i8042: PNP: PS/2 Controller [PNP0303:PS2K,PNP0f03:PS2M] at 0x60,0x64 irq 1,12
[   10.899534] serio: i8042 KBD port at 0x60,0x64 irq 1
[   10.899542] serio: i8042 AUX port at 0x60,0x64 irq 12
[   10.899665] mousedev: PS/2 mouse device common for all mice
[   10.899914] rtc_cmos rtc_cmos: rtc core: registered rtc_cmos as rtc0
[   10.899957] rtc_cmos rtc_cmos: alarms up to one day, 114 bytes nvram
[   10.899962] i2c /dev entries driver
[   10.900010] device-mapper: uevent: version 1.0.3
[   10.900049] device-mapper: ioctl: 4.34.0-ioctl (2015-10-28) initialised: dm-devel@redhat.com
[   10.900063] ledtrig-cpu: registered to indicate activity on CPUs
[   10.900307] NET: Registered protocol family 10
[   10.900413] NET: Registered protocol family 17
[   10.900425] Key type dns_resolver registered
[   10.901643] microcode: CPU0 sig=0x806e9, pf=0x8, revision=0x0
[   10.901651] microcode: CPU1 sig=0x806e9, pf=0x8, revision=0x0
[   10.901702] microcode: Microcode Update Driver: v2.01 <tigran@aivazian.fsnet.co.uk>, Peter Oruba
[   10.901874] registered taskstats version 1
[   10.901891] Loading compiled-in X.509 certificates
[   10.902481] Loaded X.509 cert 'Build time autogenerated kernel key: fec84e59a8b0477ba59f2d0e03420fb832dd4dcb'
[   10.902500] zswap: loaded using pool lzo/zbud
[   10.904034] Key type trusted registered
[   10.906808] Key type encrypted registered
[   10.906814] AppArmor: AppArmor sha1 policy hashing enabled
[   10.906818] ima: No TPM chip found, activating TPM-bypass!
[   10.906860] evm: HMAC attrs: 0x1
[   10.907085]   Magic number: 14:867:316
[   10.907103] tty tty41: hash matches
[   10.911710] rtc_cmos rtc_cmos: setting system clock to 2018-04-13 06:18:33 UTC (1523600313)
[   10.911782] BIOS EDD facility v0.16 2004-Jun-25, 0 devices found
[   10.911782] EDD information not available.
[   11.139160] input: AT Translated Set 2 keyboard as /devices/platform/i8042/serio0/input/input2
[   12.300976] Freeing unused kernel memory: 1508K
[   12.309519] Write protecting the kernel read-only data: 14336k
[   12.342017] Freeing unused kernel memory: 1744K
[   12.355535] Freeing unused kernel memory: 108K
Loading, please [   12.438820] random: systemd-udevd: uninitialized urandom read (16 bytes read, 5 bits of entropy available)
wait...
starting version 229
[   12.439864] random: udevadm: uninitialized urandom read (16 bytes read, 5 bits of entropy available)
[   12.439882] random: udevadm: uninitialized urandom read (16 bytes read, 5 bits of entropy available)
[   12.450245] random: udevadm: uninitialized urandom read (16 bytes read, 5 bits of entropy available)
[   12.450290] random: udevadm: uninitialized urandom read (16 bytes read, 5 bits of entropy available)
[   12.450444] random: udevadm: uninitialized urandom read (16 bytes read, 5 bits of entropy available)
[   12.450504] random: udevadm: uninitialized urandom read (16 bytes read, 5 bits of entropy available)
[   12.450561] random: udevadm: uninitialized urandom read (16 bytes read, 5 bits of entropy available)
[   12.450622] random: udevadm: uninitialized urandom read (16 bytes read, 5 bits of entropy available)
[   12.450679] random: udevadm: uninitialized urandom read (16 bytes read, 5 bits of entropy available)
[   13.080740] Fusion MPT base driver 3.04.20
[   13.088721] Copyright (c) 1999-2008 LSI Corporation
[   13.309571] e1000: Intel(R) PRO/1000 Network Driver - version 7.3.21-k8-NAPI
[   13.331370] e1000: Copyright (c) 1999-2006 Intel Corporation.
[   13.336638] Fusion MPT SPI Host driver 3.04.20
[   13.513111] AVX version of gcm_enc/dec engaged.
[   13.530203] AES CTR mode by8 optimization enabled
[   13.594891] input: ImExPS/2 Generic Explorer Mouse as /devices/platform/i8042/serio1/input/input4
[   14.052508] e1000 0000:00:03.0 eth0: (PCI:33MHz:32-bit) 02:61:3d:0b:d5:56
[   14.067058] e1000 0000:00:03.0 eth0: Intel(R) PRO/1000 Network Connection
[   14.069466] mptbase: ioc0: Initiating bringup
[   14.070698] e1000 0000:00:03.0 enp0s3: renamed from eth0
[   14.133413] ioc0: LSI53C1030 A0: Capabilities={Initiator}
[   14.302629] scsi host2: ioc0: LSI53C1030 A0, FwRev=00000000h, Ports=1, MaxQ=256, IRQ=20
[   14.446231] scsi 2:0:0:0: Direct-Access     VBOX     HARDDISK         1.0  PQ: 0 ANSI: 5
[   14.450883] scsi target2:0:0: Beginning Domain Validation
[   14.478196] scsi target2:0:0: Domain Validation skipping write tests
[   14.555240] scsi target2:0:0: Ending Domain Validation
[   14.574015] scsi target2:0:0: asynchronous
[   14.607512] scsi 2:0:1:0: Direct-Access     VBOX     HARDDISK         1.0  PQ: 0 ANSI: 5
[   14.667235] scsi target2:0:1: Beginning Domain Validation
[   14.687393] scsi target2:0:1: Domain Validation skipping write tests
[   14.703688] scsi target2:0:1: Ending Domain Validation
[   14.704873] scsi target2:0:1: asynchronous
[   14.723208] sd 2:0:0:0: [sda] 20971520 512-byte logical blocks: (10.7 GB/10.0 GiB)
[   14.727726] sd 2:0:0:0: Attached scsi generic sg0 type 0
[   14.728845] sd 2:0:0:0: [sda] Write Protect is off
[   14.729856] sd 2:0:0:0: [sda] Incomplete mode parameter data
[   14.730787] sd 2:0:0:0: [sda] Assuming drive cache: write through
[   14.738912] sd 2:0:1:0: [sdb] 20480 512-byte logical blocks: (10.5 MB/10.0 MiB)
[   14.766948] sd 2:0:1:0: Attached scsi generic sg1 type 0
[   14.782631] sd 2:0:1:0: [sdb] Write Protect is off
[   14.784138] sd 2:0:1:0: [sdb] Incomplete mode parameter data
[   14.799944] sd 2:0:1:0: [sdb] Assuming drive cache: write through
[   14.812495]  sda: sda1
[   14.839726] sd 2:0:0:0: [sda] Attached SCSI disk
[   14.895407] sd 2:0:1:0: [sdb] Attached SCSI disk
[   16.609106] floppy0: no floppy controllers found
Begin: Loading essential drivers[   18.029167] md: linear personality registered for level -1
 ... [   18.080490] md: multipath personality registered for level -4
[   18.109854] md: raid0 personality registered for level 0
[   18.141673] md: raid1 personality registered for level 1
[   18.236734] raid6: sse2x1   gen()  7508 MB/s
[   18.337199] raid6: sse2x1   xor()  6145 MB/s
[   18.432795] raid6: sse2x2   gen() 11107 MB/s
[   18.573048] raid6: sse2x2   xor()  5467 MB/s
[   18.693200] raid6: sse2x4   gen() 12394 MB/s
[   18.812823] raid6: sse2x4   xor()  8162 MB/s
[   18.859467] raid6: using algorithm sse2x4 gen() 12394 MB/s
[   18.898832] raid6: .... xor() 8162 MB/s, rmw enabled
[   18.899884] raid6: using ssse3x2 recovery algorithm
[   18.950781] xor: automatically using best checksumming function:
[   19.012743]    avx       : 22969.000 MB/sec
[   19.044784] async_tx: api initialized (async)
[   19.085399] md: raid6 personality registered for level 6
[   19.169158] md: raid5 personality registered for level 5
[   19.213143] md: raid4 personality registered for level 4
[   19.229363] md: raid10 personality registered for level 10
done.
Begin: Running /scripts/init-premount ... done.
Begin: Mounting root file system ... Begin: Running /scripts/local-top ... done.
Begin: Running /scripts/local-premount ... [   19.276869] Btrfs loaded
Scanning for Btrfs filesystems
done.
Warning: fsck not present, so sk[   19.325795] EXT4-fs (sda1): mounted filesystem with ordered data mode. Opts: (null)
ipping root file system
done.
Begin: Running /scripts/local-bottom ... done.
Begin: Running /scripts/init-bottom ... done.
[   19.436710] systemd[1]: systemd 229 running in system mode. (+PAM +AUDIT +SELINUX +IMA +APPARMOR +SMACK +SYSVINIT +UTMP +LIBCRYPTSETUP +GCRYPT +GNUTLS +ACL +XZ -LZ4 +SECCOMP +BLKID +ELFUTILS +KMOD -IDN)
[   19.495888] systemd[1]: Detected virtualization oracle.
[   19.569288] systemd[1]: Detected architecture x86-64.

Welcome to [1mUbuntu 16.04.3 LTS[0m!

[   19.605255] systemd[1]: Set hostname to <ubuntu>.
[   19.723325] systemd[1]: Initializing machine ID from random generator.
[   19.785305] systemd[1]: Installed transient /etc/machine-id file.
[   20.004488] systemd[1]: Set up automount Arbitrary Executable File Formats File System Automount Point.
[[0;32m  OK  [0m] Set up automount Arbitrary Executab...ats File System Automount Point.
[   20.097715] systemd[1]: Listening on Journal Socket.
[[0;32m  OK  [0m] Listening on Journal Socket.
[   20.113261] systemd[1]: Listening on udev Control Socket.
[[0;32m  OK  [0m] Listening on udev Control Socket.
[   20.229667] systemd[1]: Listening on /dev/initctl Compatibility Named Pipe.
[[0;32m  OK  [0m] Listening on /dev/initctl Compatibility Named Pipe.
[   20.335829] systemd[1]: Listening on udev Kernel Socket.
[[0;32m  OK  [0m] Listening on udev Kernel Socket.
[   20.377058] systemd[1]: Listening on LVM2 poll daemon socket.
[[0;32m  OK  [0m] Listening on LVM2 poll daemon socket.
[   20.397046] systemd[1]: Listening on LVM2 metadata daemon socket.
[[0;32m  OK  [0m] Listening on LVM2 metadata daemon socket.
[   20.442345] systemd[1]: Listening on Device-mapper event daemon FIFOs.
[[0;32m  OK  [0m] Listening on Device-mapper event daemon FIFOs.
[   20.447568] systemd[1]: Listening on Syslog Socket.
[[0;32m  OK  [0m] Listening on Syslog Socket.
[   20.497258] systemd[1]: Reached target Swap.
[[0;32m  OK  [0m] Reached target Swap.
[   20.581323] systemd[1]: Listening on Journal Socket (/dev/log).
[[0;32m  OK  [0m] Listening on Journal Socket (/dev/log).
[   20.586185] systemd[1]: Created slice System Slice.
[[0;32m  OK  [0m] Created slice System Slice.
[   20.590354] systemd[1]: Created slice system-serial\x2dgetty.slice.
[[0;32m  OK  [0m] Created slice system-serial\x2dgetty.slice.
[   20.645048] systemd[1]: Starting Set console keymap...
[   20.646662] random: nonblocking pool is initialized
         Starting Set console keymap...
[   20.700971] systemd[1]: Starting Nameserver information manager...
         Starting Nameserver information manager...
[   20.735211] systemd[1]: Starting Create list of required static device nodes for the current kernel...
         Starting Create list of required st... nodes for the current kernel...
[   20.750806] systemd[1]: Mounting POSIX Message Queue File System...
         Mounting POSIX Message Queue File System...
[   20.805295] systemd[1]: Starting Remount Root and Kernel File Systems...
[   20.813792] EXT4-fs (sda1): re-mounted. Opts: (null)
         Starting Remount Root and Kernel File Systems...
[   20.851035] systemd[1]: Mounting Huge Pages File System...
         Mounting Huge Pages File System...
[   20.873344] systemd[1]: Reached target Encrypted Volumes.
[[0;32m  OK  [0m] Reached target Encrypted Volumes.
[   20.945403] systemd[1]: Started Forward Password Requests to Wall Directory Watch.
[[0;32m  OK  [0m] Started Forward Password Requests to Wall Directory Watch.
[   20.960451] systemd[1]: Created slice User and Session Slice.
[[0;32m  OK  [0m] Created slice User and Session Slice.
[   20.963352] systemd[1]: Reached target Slices.
[[0;32m  OK  [0m] Reached target Slices.
[   20.977289] systemd[1]: Starting Uncomplicated firewall...
         Starting Uncomplicated firewall...
[   20.997809] systemd[1]: Mounting Debug File System...
         Mounting Debug File System...
[   21.014014] systemd[1]: Starting Monitoring of LVM2 mirrors, snapshots etc. using dmeventd or progress polling...
         Starting Monitoring of LVM2 mirrors... dmeventd or progress polling...
[   21.077574] systemd[1]: Started Trigger resolvconf update for networkd DNS.
[[0;32m  OK  [0m] Started Trigger resolvconf update for networkd DNS.
[   21.101145] systemd[1]: Reached target User and Group Name Lookups.
[[0;32m  OK  [0m] Reached target User and Group Name Lookups.
[   21.157042] systemd[1]: Starting Load Kernel Modules...
[   21.167408] Loading iSCSI transport class v2.0-870.
         Starting Load Kernel Modules...
[   21.282868] iscsi: registered transport (tcp)
[   21.335645] systemd[1]: Listening on Journal Audit Socket.
[[0;32m  OK  [0m] Listening on Journal Audit Socket.
[   21.363051] iscsi: registered transport (iser)
[   21.465433] systemd[1]: Starting Journal Service...
         Starting Journal Service...
[   21.522221] systemd[1]: Mounted Huge Pages File System.
[[0;32m  OK  [0m] Mounted Huge Pages File System.
[   21.525796] systemd[1]: Mounted POSIX Message Queue File System.
[[0;32m  OK  [0m] Mounted POSIX Message Queue File System.
[   21.585789] systemd[1]: Mounted Debug File System.
[[0;32m  OK  [0m] Mounted Debug File System.
[   21.633147] systemd[1]: Started Journal Service.
[[0;32m  OK  [0m] Started Journal Service.
[[0;32m  OK  [0m] Started Set console keymap.
[[0;32m  OK  [0m] Started Create list of required sta...ce nodes for the current kernel.
[[0;32m  OK  [0m] Started Remount Root and Kernel File Systems.
[[0;32m  OK  [0m] Started Uncomplicated firewall.
[[0;32m  OK  [0m] Started Load Kernel Modules.
[[0;32m  OK  [0m] Started Nameserver information manager.
[[0;32m  OK  [0m] Started LVM2 metadata daemon.
         Mounting FUSE Control File System...
         Starting Apply Kernel Variables...
         Starting Initial cloud-init job (pre-networking)...
         Starting Load/Save Random Seed...
         Starting udev Coldplug all Devices...
         Starting Create Static Device Nodes in /dev...
         Starting Flush Journal to Persistent Storage...
[[0;32m  OK  [0m] Mounted FUSE Control File System.
[[0;32m  OK  [0m] Started Apply Kernel Variables.
[[0;32m  OK  [0m] Started Load/Save Random Seed.
[[0;32m  OK  [0m] Started Monitoring of LVM2 mirrors,...ng dmeventd or progress polling.
[[0;32m  OK  [0m] Started Create Static Device Nodes in /dev.
[[0;32m  OK  [0m] Started udev Coldplug all Devices.
[[0;32m  OK  [0m] Started Flush Journal to Persistent Storage.
         Starting udev Kernel Device Manager...
[[0;32m  OK  [0m] Started udev Kernel Device Manager.
[[0;32m  OK  [0m] Reached target Local File Systems (Pre).
[[0;32m  OK  [0m] Reached target Local File Systems.
         Starting Tell Plymouth To Write Out Runtime Data...
         Starting Set console font and keymap...
         Starting LSB: AppArmor initialization...
         Starting Commit a transient machine-id on disk...
[   15.817870] cloud-init[449]: Cloud-init v. 17.1 running 'init-local' at Fri, 13 Apr 2018 06:18:44 +0000. Up 15.50 seconds.
         Starting Create Volatile Files and Directories...
[[0;32m  OK  [0m] Started Dispatch Password Requests to Console Directory Watch.
[[0;32m  OK  [0m] Started Tell Plymouth To Write Out Runtime Data.
[[0;32m  OK  [0m] Started Commit a transient machine-id on disk.
[[0;32m  OK  [0m] Started Create Volatile Files and Directories.
[[0;32m  OK  [0m] Started Set console font and keymap.
[[0;32m  OK  [0m] Started Initial cloud-init job (pre-networking).
[[0;32m  OK  [0m] Found device /dev/ttyS0.
[[0;32m  OK  [0m] Listening on Load/Save RF Kill Switch Status /dev/rfkill Watch.
[[0;32m  OK  [0m] Reached target Network (Pre).
[[0;32m  OK  [0m] Created slice system-getty.slice.
[[0;32m  OK  [0m] Reached target System Time Synchronized.
         Starting Update UTMP about System Boot/Shutdown...
[[0;32m  OK  [0m] Started Update UTMP about System Boot/Shutdown.
[[0;32m  OK  [0m] Started LSB: AppArmor initialization.
[[0;32m  OK  [0m] Started ifup for enp0s3.
         Starting Raise network interfaces...
[[0;32m  OK  [0m] Started Raise network interfaces.
[[0;32m  OK  [0m] Reached target Network.
         Starting Initial cloud-init job (metadata service crawler)...
[   20.096648] cloud-init[953]: Cloud-init v. 17.1 running 'init' at Fri, 13 Apr 2018 06:18:48 +0000. Up 19.39 seconds.
[   20.200593] cloud-init[953]: ci-info: +++++++++++++++++++++++++++++++++++++Net device info++++++++++++++++++++++++++++++++++++++
[[0;32m  OK  [0m] Started Initial cloud-init job (metadata service crawler).
[   20.201144] cloud-init[953]: ci-info: +--------+------+----------------------------+---------------+-------+-------------------+
[[0;32m  OK  [0m[   20.389058] ] cloud-initReached target System Initialization.[953]: 
ci-info: | Device |  Up  |          Address           |      Mask     | Scope |     Hw-Address    |
[   20.505355] cloud-init[953]: ci-info: +--------+------+----------------------------+---------------+-------+-------------------+
         Starting Socket activation for snappy daemon.
[   20.506112] cloud-init[953]: ci-info: | enp0s3 | True |         10.0.2.15          | 255.255.255.0 |   .   | 02:61:3d:0b:d5:56 |
[   20.561940] cloud-init[953]: ci-info: | enp0s3 | True | fe80::61:3dff:fe0b:d556/64 |       .       |  link | 02:61:3d:0b:d5:56 |
[[0;32m  OK  [0m] Listening on UUID daemon activation socket.
[   20.562312] cloud-init[953]: ci-info: |   lo   | True |         127.0.0.1          |   255.0.0.0   |   .   |         .         |
[   20.673257] cloud-init[953]: ci-info: |   lo   | True |          ::1/128           |       .       |  host |         .         |
[[0;32m  OK  [0m] Listening on D-Bus System Message Bus Socket.
[[   20.673438] cloud-init[953]: ci-info: +--------+------+----------------------------+---------------+-------+-------------------+
[   20.912909] cloud-init[953]: ci-info: +++++++++++++++++++++++++++Route IPv4 info++++++++++++++++++++++++++++
[0;32m  OK  [0m] Listening on ACPID Listen Socket.
[   20.913116] cloud-init[953]: ci-info: +-------+-------------+----------+---------------+-----------+-------+
[   21.102129] cloud-init[953]: ci-info: | Route | Destination | Gateway  |    Genmask    | Interface | Flags |
[   21.102692] cloud-init[953]: ci-info: +-------+-------------+----------+---------------+-----------+-------+
         Starting LXD - unix socket.
[   21.102926] cloud-init[953]: ci-info: |   0   |   0.0.0.0   | 10.0.2.2 |    0.0.0.0    |   enp0s3  |   UG  |
[   21.222015] cloud-init[953]: ci-info: |   1   |   10.0.2.0  | 0.0.0.0  | 255.255.255.0 |   enp0s3  |   U   |
[[0;32m  OK  [0m] Started Daily Cleanup of Temporary Directories.
[   21.222176] cloud-init[953]: ci-info: +-------+-------------+----------+---------------+-----------+-------+
[   21.298881] cloud-init[953]: Generating public/private rsa key pair.
[   21.299381] cloud-init[953]: Your identification has been saved in /etc/ssh/ssh_host_rsa_key.
[[0;32m  OK  [0m] Started Timer to automatically refresh installed snaps.
[   21.299649] cloud-init[953]: Your public key has been saved in /etc/ssh/ssh_host_rsa_key.pub.
[   21.524697] cloud-init[953]: The key fingerprint is:
[[0;32m  OK  [0m] Started ACPI Events Check.
[   21.525718] cloud-init[953]: SHA256:tmmvv326pxyuzr0FGAGVBmpwTLuNRBMLbve492dx1LU root@ubuntu-xenial
[[   21.620378] cloud-init[953]: The key's randomart image is:
[   21.620786] cloud-init[953]: +---[RSA 2048]----+
[   21.620942] cloud-init[953]: |    oo*.o+o.     |
[0;32m  OK  [0m] Reached target Paths.
[[   21.621148] cloud-init[953]: |   . =.=  o.    .|
[   21.696598] cloud-init[953]: |    o B  ..    .o|
[   21.696770] cloud-init[953]: |   . + *   o  .E.|
[   21.696975] cloud-init[953]: |      + S . ..   |
[   21.697185] cloud-init[953]: |       o o  ...  |
[   21.697393] cloud-init[953]: |      . =   .o.  |
[   21.697601] cloud-init[953]: |       o + =ooo  |
[   21.697819] cloud-init[953]: |        .+O=XB   |
[   21.698101] cloud-init[953]: +----[SHA256]-----+
[0;32m  OK  [0m] Reached target Cloud-config availability.
[[   21.698229] cloud-init[953]: Generating public/private dsa key pair.
[0;32m  OK  [0m[   21.894800] ] cloud-initReached target Network is Online.[953]: 
Your identification has been saved in /etc/ssh/ssh_host_dsa_key.
[   22.043337] cloud-init[953]: Your public key has been saved in /etc/ssh/ssh_host_dsa_key.pub.
[   22.043844] cloud-init[953]: The key fingerprint is:
[[0;32m  OK  [0m] Started Daily apt download activities.
[   22.045134] cloud-init[953]: SHA256:F/DDOXD83vJshk3ZN8SrTfS1EDAIFFJDVchKMViCefw root@ubuntu-xenial
[   22.224454] cloud-init[953]: The key's randomart image is:
[   22.224779] cloud-init[953]: +---[DSA 1024]----+
[[0;32m  OK  [0m] Started Daily apt upgrade and clean activities.
[[   22.224979] cloud-init[953]: |    +o*@Oo=+.    |
[   22.269032] cloud-init[953]: |   o +o.oX....   |
[0;32m  OK  [0m] Reached target Timers.
[   22.269247] cloud-init[953]: |    . o . B.  o  |
[   22.340901] cloud-init[953]: |       E   +.. +.|
[   22.341236] cloud-init[953]: |        S .. .+o=|
         Starting iSCSI initiator daemon (iscsid)...
[   22.341405] cloud-init[953]: |         .  o +=+|
[   22.536441] cloud-init[953]: |             B+ o|
[   22.536822] cloud-init[953]: |            ..*. |
[[0;32m  OK  [0m] Listening on Socket activation for snappy daemon.
[   22.537266] cloud-init[953]: |             o   |
[   22.560281] cloud-init[953]: +----[SHA256]-----+
[[0;32m  OK  [0m] Listening on LXD - unix socket.
[   22.560445] cloud-init[953]: Generating public/private ecdsa key pair.
[   22.636743] cloud-init[953]: Your identification has been saved in /etc/ssh/ssh_host_ecdsa_key.
[   22.637381] cloud-init[953]: Your public key has been saved in /etc/ssh/ssh_host_ecdsa_key.pub.
[[0;32m  OK  [0m] Started iSCSI initiator daemon (iscsid).
[   22.637604] cloud-init[953]: The key fingerprint is:
[   22.784887] cloud-init[953]: SHA256:qIxHSHcdh1ijxpcZuQscA3xL/EU7iqMLcgTN3rNqibw root@ubuntu-xenial
         Starting Login to default iSCSI targets...
[   22.785463] cloud-init[953]: The key's randomart image is:
[   22.930553] cloud-init[953]: +---[ECDSA 256]---+
[   22.931000] cloud-init[953]: |   ..o o=+o      |
[[0;32m  OK  [0m] Reached target Sockets.
[   22.931179] cloud-init[953]: | o  ..BooB..     |
[   23.064921] cloud-init[953]: |. + .+===oo      |
[[0;32m  OK  [0m] Reached target Basic System.
[[0;32m  OK  [0m[   23.065098] ] cloud-initStarted Unattended Upgrades Shutdown.[953]: 
| + + o++o. .     |
[   23.224702] cloud-init[953]: |  + + +.S.       |
[   23.225117] cloud-init[953]: | . + = ..        |
         Starting System Logging Service...
[   23.225286] cloud-init[953]: |o.+.*            |
[   23.408373] cloud-init[953]: |.+o+ .           |
[   23.408764] cloud-init[953]: | Eo .            |
         Starting Apply the settings specified in cloud-config...
[   23.409019] cloud-init[953]: +----[SHA256]-----+
[   23.468451] cloud-init[953]: Generating public/private ed25519 key pair.
[   23.468824] cloud-init[953]: Your identification has been saved in /etc/ssh/ssh_host_ed25519_key.
[   23.468898] cloud-init[953]: Your public key has been saved in /etc/ssh/ssh_host_ed25519_key.pub.
[   23.468963] cloud-init[953]: The key fingerprint is:
[   23.469028] cloud-init[953]: SHA256:5Rb8m6ncNvKzjcFlktAQWntE6npTkM+E3BiQqwUAJSA root@ubuntu-xenial
[   23.469093] cloud-init[953]: The key's randomart image is:
[   23.469158] cloud-init[953]: +--[ED25519 256]--+
         [   23.469251] Starting LSB: Record successful boot for GRUB...cloud-init
[953]: |E.ooo.  .o=oo    |
[   23.470311] cloud-init[953]: |.  .  . .= %     |
[   23.604502] cloud-init[953]: |       ...& =    |
         Starting Snappy daemon...
[[0;32m  OK  [0m] Started FUSE filesystem for LXC.
[[0;32m  OK  [0m] Started Deferred execution scheduler.
[   23.605036] cloud-init[953]: |        o+ X .   |
[   23.720575] cloud-init[953]: |       oS + B o  |
         Starting LXD - container startup/shutdown...
[[0;32m  OK  [0m] Started D-Bus System Message Bus.
[   23.739588] cloud-init[953]: |      .  o o B   |
[   23.774808] cloud-init[953]: |        . o *    |
[   23.802698] cloud-init[953]: |         o.+++   |
[   23.824540] cloud-init[953]: |          o+=+.  |
[   23.836421] cloud-init[953]: +----[SHA256]-----+
         Starting Pollinate to seed the pseudo random number generator...
         Starting LSB: MD monitoring daemon...
[[0;32m  OK  [0m] Started Regular background program processing daemon.
         Starting Accounts Service...
         Starting Login Service...
         Starting /etc/rc.local Compatibility...
[[0;32m  OK  [0m] Started ACPI event daemon.
[[0;32m  OK  [0m] Started System Logging Service.
[[0;32m  OK  [0m] Started Snappy daemon.
[[0;32m  OK  [0m] Started LXD - container startup/shutdown.
[[0;32m  OK  [0m] Started /etc/rc.local Compatibility.
[[0;32m  OK  [0m] Started LSB: Record successful boot for GRUB.
[[0;32m  OK  [0m] Started Login to default iSCSI targets.
[[0;32m  OK  [0m] Started LSB: MD monitoring daemon.
         Starting Authenticate and Authorize Users to Run Privileged Tasks...
[[0;32m  OK  [0m] Reached target Remote File Systems (Pre).
[[0;32m  OK  [0m] Reached target Remote File Systems.
         Starting LSB: Set the CPU Frequency Scaling governor to "ondemand"...
[   24.265142] cloud-init[1060]: Generating locales (this might take a while)...
         Starting LSB: automatic crash report generation...
         Starting LSB: daemon to balance interrupts for SMP systems...
         Starting Permit User Sessions...
         Starting LSB: VirtualBox Linux Additions...
[[0;32m  OK  [0m] Started Permit User Sessions.
[[0;32m  OK  [0m] Started Login Service.
[[0;32m  OK  [0m] Started Authenticate and Authorize Users to Run Privileged Tasks.
[[0;32m  OK  [0m] Started Accounts Service.
[[0;32m  OK  [0m] Started LSB: Set the CPU Frequency Scaling governor to "ondemand".
[[0;32m  OK  [0m] Started LSB: automatic crash report generation.
         Starting Terminate Plymouth Boot Screen...
         Starting Hold until boot process finishes up...
[[0;32m  OK  [0m] Started Terminate Plymouth Boot Screen.
[[0;32m  OK  [0m] Started LSB: daemon to balance interrupts for SMP systems.
[[0;32m  OK  [0m] Started Hold until boot process finishes up.
[[0;32m  OK  [0m] Started LSB: VirtualBox Linux Additions.
         Starting Set console scheme...
[[0;32m  OK  [0m] Started Serial Getty on ttyS0.
[[0;32m  OK  [0m] Started Getty on tty1.
[[0;32m  OK  [0m] Reached target Login Prompts.
[[0;32m  OK  [0m] Started Set console scheme.
[   25.657240] cloud-init[1060]:   en_US.UTF-8... done
[   25.708738] cloud-init[1060]: Generation complete.
[[0;32m  OK  [0m] Started Pollinate to seed the pseudo random number generator.
         Starting OpenBSD Secure Shell server...
[[0;32m  OK  [0m] Started OpenBSD Secure Shell server.
[[0;32m  OK  [0m] Reached target Multi-User System.
[[0;32m  OK  [0m] Reached target Graphical Interface.
         Starting Update UTMP about System Runlevel Changes...
         Stopping OpenBSD Secure Shell server...
[[0;32m  OK  [0m] Stopped OpenBSD Secure Shell server.
[[0;32m  OK  [0m] Started Update UTMP about System Runlevel Changes.
         Starting OpenBSD Secure Shell server...
[[0;32m  OK  [0m] Started OpenBSD Secure Shell server.
[[0;32m  OK  [0m] Created slice User Slice of ubuntu.
         Starting User Manager for UID 1000...
[[0;32m  OK  [0m] Started User Manager for UID 1000.
[[0;32m  OK  [0m] Started Session 1 of user ubuntu.
[   26.396821] cloud-init[1060]: Cloud-init v. 17.1 running 'modules:config' at Fri, 13 Apr 2018 06:18:53 +0000. Up 23.94 seconds.
[[0;32m  OK  [0m] Started Apply the settings specified in cloud-config.
         Starting Execute cloud user/final scripts...
ci-info: no authorized ssh keys fingerprints found for user ubuntu.
<14>Apr 13 06:18:56 ec2: 
<14>Apr 13 06:18:56 ec2: #############################################################
<14>Apr 13 06:18:56 ec2: -----BEGIN SSH HOST KEY FINGERPRINTS-----
<14>Apr 13 06:18:56 ec2: 1024 SHA256:F/DDOXD83vJshk3ZN8SrTfS1EDAIFFJDVchKMViCefw root@ubuntu-xenial (DSA)
<14>Apr 13 06:18:56 ec2: 256 SHA256:qIxHSHcdh1ijxpcZuQscA3xL/EU7iqMLcgTN3rNqibw root@ubuntu-xenial (ECDSA)
<14>Apr 13 06:18:56 ec2: 256 SHA256:5Rb8m6ncNvKzjcFlktAQWntE6npTkM+E3BiQqwUAJSA root@ubuntu-xenial (ED25519)
<14>Apr 13 06:18:56 ec2: 2048 SHA256:tmmvv326pxyuzr0FGAGVBmpwTLuNRBMLbve492dx1LU root@ubuntu-xenial (RSA)
<14>Apr 13 06:18:56 ec2: -----END SSH HOST KEY FINGERPRINTS-----
<14>Apr 13 06:18:56 ec2: #############################################################
-----BEGIN SSH HOST KEY KEYS-----
ecdsa-sha2-nistp256 AAAAE2VjZHNhLXNoYTItbmlzdHAyNTYAAAAIbmlzdHAyNTYAAABBBKTC2Ogr24inbXpHMcouvwwB9H6/1bu/VAWKl4JJgfRHKL2PgQAnMcSObhzrpilYlN1HxdCvGlYU/8tQcVWTgqE= root@ubuntu-xenial
ssh-ed25519 AAAAC3NzaC1lZDI1NTE5AAAAIBKp40+h6/2bxfw4lPVfrGJ3PolIu/PVltasjbMkxhPH root@ubuntu-xenial
ssh-rsa AAAAB3NzaC1yc2EAAAADAQABAAABAQC+NUjuGm27FuN1Dqrr7v7I2CpvDxsmax6dmMfL3gtogmBrdyoQEV/my+8gnqnMeepwAevTlOblov6xvOYES4Gqg4pKWhw5pZ9cwS/gkZLqN9kW/+PVo6u6mMAlOAYdfzJMRBLd1wHjo8SWuIoPf5AV9u5+amILDDdYgWK1ex03AVfqnS8q4YDq35Wp4Wbv0CnRNdF/jUzxQjFtpkbKXkkGvWGrXlmzFwJ74z8KIpup1G3FnW2u9s8wumf80H446TEKszxQPF/rmxVNB/wiI8AZJPUmJp30cQ1fS0NrieOdXhJKL4cdMRkv/7Q/y6e9RCddL3XvXVBfuRBcYVJhY+UH root@ubuntu-xenial
-----END SSH HOST KEY KEYS-----
[   27.542531] cloud-init[1384]: Cloud-init v. 17.1 running 'modules:final' at Fri, 13 Apr 2018 06:18:56 +0000. Up 26.96 seconds.
[   27.552743] cloud-init[1384]: ci-info: no authorized ssh keys fingerprints found for user ubuntu.
[   27.555254] cloud-init[1384]: Cloud-init v. 17.1 finished at Fri, 13 Apr 2018 06:18:56 +0000. Datasource DataSourceNoCloud [seed=/dev/sdb][dsmode=net].  Up 27.53 seconds
[[0;32m  OK  [0m] Started Execute cloud user/final scripts.
[[0;32m  OK  [0m] Reached target Cloud-init target.

Ubuntu 16.04.3 LTS ubuntu-xenial ttyS0

ubuntu-xenial login: 